<?xml version="1.0" encoding="UTF-8"?>
<testng-results ignored="0" total="1" passed="1" failed="0" skipped="0">
  <reporter-output>
  </reporter-output>
  <suite started-at="2022-06-27T15:41:35 BST" name="Suite" finished-at="2022-06-27T15:42:42 BST" duration-ms="66944">
    <groups>
    </groups>
    <test started-at="2022-06-27T15:41:35 BST" name="Test" finished-at="2022-06-27T15:42:42 BST" duration-ms="66944">
      <class name="Tests.VisiTestai">
        <test-method is-config="true" signature="SetUp()[pri:0, instance:Tests.VisiTestai@48aca48b]" started-at="2022-06-27T15:41:35 BST" name="SetUp" finished-at="2022-06-27T15:41:37 BST" duration-ms="1638" status="PASS">
          <reporter-output>
          </reporter-output>
        </test-method> <!-- SetUp -->
        <test-method signature="SekmingasAtsijungimas()[pri:0, instance:Tests.VisiTestai@48aca48b]" started-at="2022-06-27T15:41:37 BST" name="SekmingasAtsijungimas" finished-at="2022-06-27T15:42:42 BST" duration-ms="65192" status="PASS">
          <reporter-output>
          </reporter-output>
        </test-method> <!-- SekmingasAtsijungimas -->
        <test-method is-config="true" signature="TearDown()[pri:0, instance:Tests.VisiTestai@48aca48b]" started-at="2022-06-27T15:42:42 BST" name="TearDown" finished-at="2022-06-27T15:42:42 BST" duration-ms="75" status="PASS">
          <reporter-output>
          </reporter-output>
        </test-method> <!-- TearDown -->
      </class> <!-- Tests.VisiTestai -->
    </test> <!-- Test -->
  </suite> <!-- Suite -->
</testng-results>
